<?xml version="1.0" encoding="UTF-8"?>
<testsuites>
  <testsuite name="fastlane.lanes">
    
    
    
      
      <testcase classname="fastlane.lanes" name="0: default_platform" time="0.001528091">
        
      </testcase>
    
      
      <testcase classname="fastlane.lanes" name="1: jacocoTestReport" time="65.645462914">
        
          <failure message="/home/gideon/.rbenv/versions/2.3.1/lib/ruby/gems/2.3.0/gems/fastlane-2.146.1/fastlane/lib/fastlane/actions/actions_helper.rb:48:in `execute_action'&#10;/home/gideon/.rbenv/versions/2.3.1/lib/ruby/gems/2.3.0/gems/fastlane-2.146.1/fastlane/lib/fastlane/runner.rb:253:in `block in execute_action'&#10;/home/gideon/.rbenv/versions/2.3.1/lib/ruby/gems/2.3.0/gems/fastlane-2.146.1/fastlane/lib/fastlane/runner.rb:227:in `chdir'&#10;/home/gideon/.rbenv/versions/2.3.1/lib/ruby/gems/2.3.0/gems/fastlane-2.146.1/fastlane/lib/fastlane/runner.rb:227:in `execute_action'&#10;/home/gideon/.rbenv/versions/2.3.1/lib/ruby/gems/2.3.0/gems/fastlane-2.146.1/fastlane/lib/fastlane/runner.rb:157:in `trigger_action_by_name'&#10;/home/gideon/.rbenv/versions/2.3.1/lib/ruby/gems/2.3.0/gems/fastlane-2.146.1/fastlane/lib/fastlane/fast_file.rb:159:in `method_missing'&#10;Fastfile:46:in `block (2 levels) in parsing_binding'&#10;/home/gideon/.rbenv/versions/2.3.1/lib/ruby/gems/2.3.0/gems/fastlane-2.146.1/fastlane/lib/fastlane/lane.rb:33:in `call'&#10;/home/gideon/.rbenv/versions/2.3.1/lib/ruby/gems/2.3.0/gems/fastlane-2.146.1/fastlane/lib/fastlane/runner.rb:49:in `block in execute'&#10;/home/gideon/.rbenv/versions/2.3.1/lib/ruby/gems/2.3.0/gems/fastlane-2.146.1/fastlane/lib/fastlane/runner.rb:45:in `chdir'&#10;/home/gideon/.rbenv/versions/2.3.1/lib/ruby/gems/2.3.0/gems/fastlane-2.146.1/fastlane/lib/fastlane/runner.rb:45:in `execute'&#10;/home/gideon/.rbenv/versions/2.3.1/lib/ruby/gems/2.3.0/gems/fastlane-2.146.1/fastlane/lib/fastlane/lane_manager.rb:56:in `cruise_lane'&#10;/home/gideon/.rbenv/versions/2.3.1/lib/ruby/gems/2.3.0/gems/fastlane-2.146.1/fastlane/lib/fastlane/command_line_handler.rb:36:in `handle'&#10;/home/gideon/.rbenv/versions/2.3.1/lib/ruby/gems/2.3.0/gems/fastlane-2.146.1/fastlane/lib/fastlane/commands_generator.rb:108:in `block (2 levels) in run'&#10;/home/gideon/.rbenv/versions/2.3.1/lib/ruby/gems/2.3.0/gems/commander-fastlane-4.4.6/lib/commander/command.rb:178:in `call'&#10;/home/gideon/.rbenv/versions/2.3.1/lib/ruby/gems/2.3.0/gems/commander-fastlane-4.4.6/lib/commander/command.rb:153:in `run'&#10;/home/gideon/.rbenv/versions/2.3.1/lib/ruby/gems/2.3.0/gems/commander-fastlane-4.4.6/lib/commander/runner.rb:476:in `run_active_command'&#10;/home/gideon/.rbenv/versions/2.3.1/lib/ruby/gems/2.3.0/gems/fastlane-2.146.1/fastlane_core/lib/fastlane_core/ui/fastlane_runner.rb:76:in `run!'&#10;/home/gideon/.rbenv/versions/2.3.1/lib/ruby/gems/2.3.0/gems/commander-fastlane-4.4.6/lib/commander/delegates.rb:15:in `run!'&#10;/home/gideon/.rbenv/versions/2.3.1/lib/ruby/gems/2.3.0/gems/fastlane-2.146.1/fastlane/lib/fastlane/commands_generator.rb:349:in `run'&#10;/home/gideon/.rbenv/versions/2.3.1/lib/ruby/gems/2.3.0/gems/fastlane-2.146.1/fastlane/lib/fastlane/commands_generator.rb:41:in `start'&#10;/home/gideon/.rbenv/versions/2.3.1/lib/ruby/gems/2.3.0/gems/fastlane-2.146.1/fastlane/lib/fastlane/cli_tools_distributor.rb:119:in `take_off'&#10;/home/gideon/.rbenv/versions/2.3.1/lib/ruby/gems/2.3.0/gems/fastlane-2.146.1/bin/fastlane:23:in `&lt;top (required)&gt;'&#10;/home/gideon/.rbenv/versions/2.3.1/bin/fastlane:25:in `load'&#10;/home/gideon/.rbenv/versions/2.3.1/bin/fastlane:25:in `&lt;main&gt;'&#10;&#10;Exit status of command '/home/gideon/AndroidStudioProjects/Livescore/gradlew jacocoTestReport -p .' was 1 instead of 0.&#10;&gt; Task :app:preBuild UP-TO-DATE&#10;&gt; Task :app:preDebugBuild UP-TO-DATE&#10;&gt; Task :app:compileDebugAidl NO-SOURCE&#10;&gt; Task :app:compileDebugRenderscript NO-SOURCE&#10;&gt; Task :app:generateDebugBuildConfig UP-TO-DATE&#10;&gt; Task :app:checkDebugAarMetadata UP-TO-DATE&#10;&gt; Task :app:generateDebugResValues UP-TO-DATE&#10;&gt; Task :app:generateDebugResources UP-TO-DATE&#10;&gt; Task :app:mergeDebugResources UP-TO-DATE&#10;&gt; Task :app:packageDebugResources UP-TO-DATE&#10;&gt; Task :app:mapDebugSourceSetPaths UP-TO-DATE&#10;&gt; Task :app:parseDebugLocalResources UP-TO-DATE&#10;&gt; Task :app:createDebugCompatibleScreenManifests UP-TO-DATE&#10;&gt; Task :app:extractDeepLinksDebug UP-TO-DATE&#10;&gt; Task :app:processDebugMainManifest UP-TO-DATE&#10;&gt; Task :app:processDebugManifest UP-TO-DATE&#10;&gt; Task :app:processDebugManifestForPackage UP-TO-DATE&#10;&gt; Task :app:processDebugResources UP-TO-DATE&#10;&gt; Task :app:kaptGenerateStubsDebugKotlin UP-TO-DATE&#10;&gt; Task :app:kaptDebugKotlin UP-TO-DATE&#10;&gt; Task :app:compileDebugKotlin UP-TO-DATE&#10;&gt; Task :app:javaPreCompileDebug UP-TO-DATE&#10;&gt; Task :app:compileDebugJavaWithJavac UP-TO-DATE&#10;&gt; Task :app:bundleDebugClassesToCompileJar UP-TO-DATE&#10;&gt; Task :app:preDebugAndroidTestBuild SKIPPED&#10;&gt; Task :app:compileDebugAndroidTestAidl NO-SOURCE&#10;&gt; Task :app:processDebugAndroidTestManifest UP-TO-DATE&#10;&gt; Task :app:generateDebugAndroidTestBuildConfig UP-TO-DATE&#10;&gt; Task :app:checkDebugAndroidTestAarMetadata UP-TO-DATE&#10;&gt; Task :app:compileDebugAndroidTestRenderscript NO-SOURCE&#10;&gt; Task :app:generateDebugAndroidTestResValues UP-TO-DATE&#10;&gt; Task :app:generateDebugAndroidTestResources UP-TO-DATE&#10;&gt; Task :app:mergeDebugAndroidTestResources UP-TO-DATE&#10;&gt; Task :app:mapDebugAndroidTestSourceSetPaths UP-TO-DATE&#10;&gt; Task :app:processDebugAndroidTestResources UP-TO-DATE&#10;&gt; Task :app:kaptGenerateStubsDebugAndroidTestKotlin UP-TO-DATE&#10;&gt; Task :app:kaptDebugAndroidTestKotlin UP-TO-DATE&#10;&gt; Task :app:compileDebugAndroidTestKotlin UP-TO-DATE&#10;&gt; Task :app:javaPreCompileDebugAndroidTest UP-TO-DATE&#10;&gt; Task :app:compileDebugAndroidTestJavaWithJavac UP-TO-DATE&#10;&gt; Task :app:mergeDebugShaders UP-TO-DATE&#10;&gt; Task :app:compileDebugShaders NO-SOURCE&#10;&gt; Task :app:generateDebugAssets UP-TO-DATE&#10;&gt; Task :app:mergeDebugAssets UP-TO-DATE&#10;&gt; Task :app:compressDebugAssets UP-TO-DATE&#10;&gt; Task :app:generateDebugJacocoPropertiesFile UP-TO-DATE&#10;&gt; Task :app:processDebugJavaRes NO-SOURCE&#10;&gt; Task :app:mergeDebugJavaResource UP-TO-DATE&#10;&gt; Task :app:checkDebugDuplicateClasses UP-TO-DATE&#10;&gt; Task :app:desugarDebugFileDependencies UP-TO-DATE&#10;&gt; Task :app:mergeExtDexDebug UP-TO-DATE&#10;&gt; Task :app:mergeLibDexDebug UP-TO-DATE&#10;&gt; Task :app:transformDebugClassesWithAsm UP-TO-DATE&#10;&gt; Task :app:jacocoDebug UP-TO-DATE&#10;&gt; Task :app:dexBuilderDebug UP-TO-DATE&#10;&gt; Task :app:mergeProjectDexDebug UP-TO-DATE&#10;&gt; Task :app:mergeDebugJniLibFolders UP-TO-DATE&#10;&gt; Task :app:mergeDebugNativeLibs NO-SOURCE&#10;&gt; Task :app:stripDebugDebugSymbols NO-SOURCE&#10;&gt; Task :app:validateSigningDebug UP-TO-DATE&#10;&gt; Task :app:writeDebugAppMetadata UP-TO-DATE&#10;&gt; Task :app:writeDebugSigningConfigVersions UP-TO-DATE&#10;&gt; Task :app:packageDebug UP-TO-DATE&#10;&gt; Task :app:createDebugApkListingFileRedirect UP-TO-DATE&#10;&gt; Task :app:mergeDebugAndroidTestShaders UP-TO-DATE&#10;&gt; Task :app:compileDebugAndroidTestShaders NO-SOURCE&#10;&gt; Task :app:generateDebugAndroidTestAssets UP-TO-DATE&#10;&gt; Task :app:mergeDebugAndroidTestAssets UP-TO-DATE&#10;&gt; Task :app:compressDebugAndroidTestAssets UP-TO-DATE&#10;&gt; Task :app:processDebugAndroidTestJavaRes NO-SOURCE&#10;&gt; Task :app:mergeDebugAndroidTestJavaResource UP-TO-DATE&#10;&gt; Task :app:mergeDebugAndroidTestJniLibFolders UP-TO-DATE&#10;&gt; Task :app:mergeDebugAndroidTestNativeLibs NO-SOURCE&#10;&gt; Task :app:checkDebugAndroidTestDuplicateClasses UP-TO-DATE&#10;&gt; Task :app:desugarDebugAndroidTestFileDependencies UP-TO-DATE&#10;&gt; Task :app:mergeExtDexDebugAndroidTest UP-TO-DATE&#10;&gt; Task :app:mergeLibDexDebugAndroidTest UP-TO-DATE&#10;&gt; Task :app:transformDebugAndroidTestClassesWithAsm UP-TO-DATE&#10;&gt; Task :app:dexBuilderDebugAndroidTest UP-TO-DATE&#10;&gt; Task :app:mergeProjectDexDebugAndroidTest UP-TO-DATE&#10;&gt; Task :app:validateSigningDebugAndroidTest UP-TO-DATE&#10;&gt; Task :app:writeDebugAndroidTestSigningConfigVersions UP-TO-DATE&#10;&gt; Task :app:packageDebugAndroidTest UP-TO-DATE&#10;&gt; Task :app:createDebugAndroidTestApkListingFileRedirect UP-TO-DATE&#10;&#10;&gt; Task :app:connectedDebugAndroidTest&#10;Starting 1 tests on Pixel_4_API_31(AVD) - 12&#10;&#10;Test results saved as file:/home/gideon/AndroidStudioProjects/Livescore/app/build/outputs/androidTest-results/connected/test-result.pb. Inspect these results in Android Studio by selecting Run &gt; Import Tests From File from the menu bar and importing test-result.pb.&#10;&#10;&gt; Task :app:bundleDebugClassesToRuntimeJar UP-TO-DATE&#10;&gt; Task :app:kaptGenerateStubsDebugUnitTestKotlin UP-TO-DATE&#10;&gt; Task :app:kaptDebugUnitTestKotlin UP-TO-DATE&#10;&gt; Task :app:compileDebugUnitTestKotlin UP-TO-DATE&#10;&gt; Task :app:preDebugUnitTestBuild UP-TO-DATE&#10;&gt; Task :app:javaPreCompileDebugUnitTest UP-TO-DATE&#10;&gt; Task :app:compileDebugUnitTestJavaWithJavac NO-SOURCE&#10;&gt; Task :app:processDebugUnitTestJavaRes NO-SOURCE&#10;&gt; Task :app:createDebugAndroidTestCoverageReport&#10;&gt; Task :app:createDebugCoverageReport&#10;&gt; Task :app:transformDebugUnitTestClassesWithAsm&#10;&#10;&gt; Task :app:testDebugUnitTest&#10;&#10;com.example.livescore.local.MatchesDaoTest &gt; delete matches in LivescoreAppDatabase FAILED&#10;    java.lang.IllegalArgumentException at MatchesDaoTest.kt:39&#10;    kotlin.UninitializedPropertyAccessException at MatchesDaoTest.kt:66&#10;&#10;com.example.livescore.local.MatchesDaoTest &gt; store matches in LivescoreDatabase FAILED&#10;    java.lang.IllegalArgumentException at MatchesDaoTest.kt:39&#10;    kotlin.UninitializedPropertyAccessException at MatchesDaoTest.kt:66&#10;OpenJDK 64-Bit Server VM warning: Sharing is only supported for boot loader classes because bootstrap classpath has been appended&#10;&#10;com.example.livescore.usecases.AllUseCasesTest &gt; get matches error RETURNS Resource Error FAILED&#10;    java.lang.AssertionError at AllUseCasesTest.kt:128&#10;&#10;6 tests completed, 3 failed&#10;&#10;&gt; Task :app:testDebugUnitTest FAILED&#10;&#10;FAILURE: Build failed with an exception.&#10;&#10;* What went wrong:&#10;Execution failed for task ':app:testDebugUnitTest'.&#10;&gt; There were failing tests. See the report at: file:///home/gideon/AndroidStudioProjects/Livescore/app/build/reports/tests/testDebugUnitTest/index.html&#10;&#10;* Try:&#10;&gt; Run with --stacktrace option to get the stack trace.&#10;&gt; Run with --info or --debug option to get more log output.&#10;&gt; Run with --scan to get full insights.&#10;&#10;* Get more help at https://help.gradle.org&#10;&#10;Deprecated Gradle features were used in this build, making it incompatible with Gradle 8.0.&#10;&#10;You can use '--warning-mode all' to show the individual deprecation warnings and determine if they come from your own scripts or plugins.&#10;&#10;See https://docs.gradle.org/7.3.3/userguide/command_line_interface.html#sec:command_line_warnings&#10;&#10;BUILD FAILED in 1m 4s&#10;75 actionable tasks: 4 executed, 71 up-to-date&#10;" />
        
      </testcase>
    
  </testsuite>
</testsuites>
